[debug] [2021-03-12T04:44:32.350Z] ----------------------------------------------------------------------
[debug] [2021-03-12T04:44:32.352Z] Command:       C:\Program Files\nodejs\node.exe C:\Users\Konok\AppData\Roaming\npm\node_modules\firebase-tools\lib\bin\firebase.js login
[debug] [2021-03-12T04:44:32.352Z] CLI Version:   9.6.1
[debug] [2021-03-12T04:44:32.352Z] Platform:      win32
[debug] [2021-03-12T04:44:32.352Z] Node Version:  v14.16.0
[debug] [2021-03-12T04:44:32.353Z] Time:          Fri Mar 12 2021 12:44:32 GMT+0800 (China Standard Time)
[debug] [2021-03-12T04:44:32.353Z] ----------------------------------------------------------------------
[debug] [2021-03-12T04:44:32.353Z] 
[debug] [2021-03-12T04:44:32.355Z] >>> [apiv2][query] GET https://firebase-public.firebaseio.com/cli.json [none]
[info] i  Firebase optionally collects CLI usage and error reporting information to help improve our products. Data is collected in accordance with Google's privacy policy (https://policies.google.com/privacy) and is not used to identify you.
 
[info] i  To change your data collection preference at any time, run `firebase logout` and log in again. 
[info] 
[info] Visit this URL on this device to log in:
[info] https://accounts.google.com/o/oauth2/auth?client_id=563584335869-fgrhgmd47bqnekij5i8b5pr03ho849e6.apps.googleusercontent.com&scope=email%20openid%20https%3A%2F%2Fwww.googleapis.com%2Fauth%2Fcloudplatformprojects.readonly%20https%3A%2F%2Fwww.googleapis.com%2Fauth%2Ffirebase%20https%3A%2F%2Fwww.googleapis.com%2Fauth%2Fcloud-platform&response_type=code&state=588717309&redirect_uri=http%3A%2F%2Flocalhost%3A9005
[info] 
[info] Waiting for authentication...
[debug] [2021-03-12T04:44:35.104Z] Error: spawn cmd ENOENT
    at Process.ChildProcess._handle.onexit (internal/child_process.js:269:19)
    at onErrorNT (internal/child_process.js:465:16)
    at processTicksAndRejections (internal/process/task_queues.js:80:21)
[error] 
[error] Error: An unexpected error has occurred.
[debug] [2021-03-12T04:49:38.939Z] ----------------------------------------------------------------------
[debug] [2021-03-12T04:49:38.940Z] Command:       C:\Program Files\nodejs\node.exe C:\Users\Konok\AppData\Roaming\npm\node_modules\firebase-tools\lib\bin\firebase.js login
[debug] [2021-03-12T04:49:38.941Z] CLI Version:   9.6.1
[debug] [2021-03-12T04:49:38.941Z] Platform:      win32
[debug] [2021-03-12T04:49:38.941Z] Node Version:  v14.16.0
[debug] [2021-03-12T04:49:38.942Z] Time:          Fri Mar 12 2021 12:49:38 GMT+0800 (China Standard Time)
[debug] [2021-03-12T04:49:38.942Z] ----------------------------------------------------------------------
[debug] [2021-03-12T04:49:38.942Z] 
[debug] [2021-03-12T04:49:38.944Z] >>> [apiv2][query] GET https://firebase-public.firebaseio.com/cli.json [none]
[info] i  Firebase optionally collects CLI usage and error reporting information to help improve our products. Data is collected in accordance with Google's privacy policy (https://policies.google.com/privacy) and is not used to identify you.
 
[info] i  To change your data collection preference at any time, run `firebase logout` and log in again. 
[info] 
[info] Visit this URL on this device to log in:
[info] https://accounts.google.com/o/oauth2/auth?client_id=563584335869-fgrhgmd47bqnekij5i8b5pr03ho849e6.apps.googleusercontent.com&scope=email%20openid%20https%3A%2F%2Fwww.googleapis.com%2Fauth%2Fcloudplatformprojects.readonly%20https%3A%2F%2Fwww.googleapis.com%2Fauth%2Ffirebase%20https%3A%2F%2Fwww.googleapis.com%2Fauth%2Fcloud-platform&response_type=code&state=193919157&redirect_uri=http%3A%2F%2Flocalhost%3A9005
[info] 
[info] Waiting for authentication...
[debug] [2021-03-12T04:49:41.370Z] Error: spawn cmd ENOENT
    at Process.ChildProcess._handle.onexit (internal/child_process.js:269:19)
    at onErrorNT (internal/child_process.js:465:16)
    at processTicksAndRejections (internal/process/task_queues.js:80:21)
[error] 
[error] Error: An unexpected error has occurred.
